<?xml version="1.0" encoding="UTF-8"?>
<coverage generated="1683571149582" clover="3.2.0">
  <project timestamp="1683571149582" name="All files">
    <metrics statements="11" coveredstatements="11" conditionals="6" coveredconditionals="5" methods="1" coveredmethods="1" elements="18" coveredelements="17" complexity="0" loc="11" ncloc="11" packages="1" files="1" classes="1"/>
    <file name="index.ts" path="/home/arthur/desktop/alpha/hard/aulas/ciclo 2/testes/aula 01-B/index.ts">
      <metrics statements="11" coveredstatements="11" conditionals="6" coveredconditionals="5" methods="1" coveredmethods="1"/>
      <line num="2" count="12" type="cond" truecount="2" falsecount="0"/>
      <line num="3" count="2" type="stmt"/>
      <line num="6" count="10" type="stmt"/>
      <line num="7" count="10" type="stmt"/>
      <line num="9" count="10" type="stmt"/>
      <line num="10" count="36" type="cond" truecount="2" falsecount="0"/>
      <line num="11" count="22" type="stmt"/>
      <line num="12" count="14" type="cond" truecount="1" falsecount="1"/>
      <line num="13" count="14" type="stmt"/>
      <line num="17" count="10" type="stmt"/>
      <line num="23" count="2" type="stmt"/>
    </file>
  </project>
</coverage>
