{"/home/arthur/desktop/alpha/hard/aulas/ciclo 2/testes/aula 01-B/index.ts": {"path":"/home/arthur/desktop/alpha/hard/aulas/ciclo 2/testes/aula 01-B/index.ts","statementMap":{"0":{"start":{"line":2,"column":4},"end":{"line":4,"column":5}},"1":{"start":{"line":3,"column":8},"end":{"line":3,"column":42}},"2":{"start":{"line":6,"column":25},"end":{"line":6,"column":26}},"3":{"start":{"line":7,"column":25},"end":{"line":7,"column":26}},"4":{"start":{"line":9,"column":4},"end":{"line":15,"column":5}},"5":{"start":{"line":9,"column":17},"end":{"line":9,"column":18}},"6":{"start":{"line":10,"column":8},"end":{"line":14,"column":9}},"7":{"start":{"line":11,"column":12},"end":{"line":11,"column":29}},"8":{"start":{"line":12,"column":15},"end":{"line":14,"column":9}},"9":{"start":{"line":13,"column":12},"end":{"line":13,"column":29}},"10":{"start":{"line":17,"column":4},"end":{"line":20,"column":6}},"11":{"start":{"line":23,"column":0},"end":{"line":23,"column":30}}},"fnMap":{"0":{"name":"countLetters","decl":{"start":{"line":1,"column":9},"end":{"line":1,"column":21}},"loc":{"start":{"line":1,"column":37},"end":{"line":21,"column":1}},"line":1}},"branchMap":{"0":{"loc":{"start":{"line":2,"column":4},"end":{"line":4,"column":5}},"type":"if","locations":[{"start":{"line":2,"column":4},"end":{"line":4,"column":5}},{"start":{},"end":{}}],"line":2},"1":{"loc":{"start":{"line":10,"column":8},"end":{"line":14,"column":9}},"type":"if","locations":[{"start":{"line":10,"column":8},"end":{"line":14,"column":9}},{"start":{"line":12,"column":15},"end":{"line":14,"column":9}}],"line":10},"2":{"loc":{"start":{"line":12,"column":15},"end":{"line":14,"column":9}},"type":"if","locations":[{"start":{"line":12,"column":15},"end":{"line":14,"column":9}},{"start":{},"end":{}}],"line":12}},"s":{"0":12,"1":2,"2":10,"3":10,"4":10,"5":10,"6":36,"7":22,"8":14,"9":14,"10":10,"11":2},"f":{"0":12},"b":{"0":[2,10],"1":[22,14],"2":[14,0]},"_coverageSchema":"1a1c01bbd47fc00a2c39e90264f33305004495a9","hash":"51d282410a8968e1f8c9c7bc9c3587318b27b5c8"}
}
