TN:
SF:__tests__/helpers/index.js
FN:9,createDatabaseFromSchema
FN:15,eraseDatabase
FN:24,disconnectDatabase
FN:32,generateAuthorizationHeaderForUser
FNF:4
FNH:4
FNDA:29,createDatabaseFromSchema
FNDA:30,eraseDatabase
FNDA:1,disconnectDatabase
FNDA:23,generateAuthorizationHeaderForUser
DA:1,1
DA:2,1
DA:4,1
DA:10,29
DA:16,30
DA:25,1
DA:34,23
DA:36,23
DA:39,1
LF:9
LH:9
BRDA:34,0,0,23
BRDA:34,0,1,0
BRF:2
BRH:1
end_of_record
TN:
SF:src/app.js
FNF:0
FNH:0
DA:1,1
DA:3,1
DA:5,1
DA:6,1
DA:8,1
DA:11,1
DA:12,1
DA:15,1
DA:18,1
DA:20,1
LF:10
LH:10
BRF:0
BRH:0
end_of_record
TN:
SF:src/errors.js
FN:27,createError
FNF:1
FNH:1
FNDA:26,createError
DA:10,1
DA:28,26
DA:31,1
LF:3
LH:3
BRF:0
BRH:0
end_of_record
TN:
SF:src/validators.js
FN:8,validatePositiveIntegerNumber
FN:19,validatePositiveNumber
FN:31,validateIntegerNumber
FN:43,validateNumber
FN:54,validateString
FNF:5
FNH:5
FNDA:36,validatePositiveIntegerNumber
FNDA:32,validatePositiveNumber
FNDA:36,validateIntegerNumber
FNDA:68,validateNumber
FNDA:10,validateString
DA:1,1
DA:9,36
DA:10,32
DA:20,32
DA:21,32
DA:22,1
DA:32,36
DA:33,36
DA:34,4
DA:44,68
DA:45,0
DA:55,10
DA:56,1
DA:60,1
LF:14
LH:13
BRDA:21,0,0,1
BRDA:21,0,1,31
BRDA:33,1,0,4
BRDA:33,1,1,32
BRDA:44,2,0,0
BRDA:44,2,1,68
BRDA:55,3,0,1
BRDA:55,3,1,9
BRF:8
BRH:7
end_of_record
TN:
SF:src/controllers/orders.js
FN:9,getOrderItemsByOrderId
FN:31,updateOrderItem
FN:54,getOrderDiscountCodesByOrderId
FN:75,addOrderDiscountCodeToOrderByCode
FNF:4
FNH:3
FNDA:4,getOrderItemsByOrderId
FNDA:8,updateOrderItem
FNDA:0,getOrderDiscountCodesByOrderId
FNDA:11,addOrderDiscountCodeToOrderByCode
DA:1,1
DA:2,1
DA:10,4
DA:11,4
DA:13,4
DA:15,3
DA:20,1
DA:32,8
DA:33,8
DA:34,8
DA:35,8
DA:37,8
DA:38,7
DA:39,6
DA:41,5
DA:43,1
DA:55,0
DA:56,0
DA:58,0
DA:60,0
DA:65,0
DA:76,11
DA:77,11
DA:78,11
DA:80,11
DA:81,10
DA:83,9
DA:85,1
DA:91,1
LF:29
LH:24
BRF:0
BRH:0
end_of_record
TN:
SF:src/db/db.js
FN:5,(anonymous_0)
FN:14,(anonymous_1)
FNF:2
FNH:2
FNDA:58,(anonymous_0)
FNDA:7534,(anonymous_1)
DA:1,1
DA:2,1
DA:5,58
DA:7,1
DA:13,1
DA:15,7534
DA:16,1
DA:25,7534
DA:32,1
DA:34,1
LF:10
LH:10
BRDA:15,0,0,1
BRDA:15,0,1,7533
BRF:2
BRH:2
end_of_record
TN:
SF:src/middlewares/authentication.js
FN:12,authenticate
FNF:1
FNH:1
FNDA:29,authenticate
DA:1,1
DA:2,1
DA:4,1
DA:13,29
DA:14,29
DA:15,3
DA:21,26
DA:22,26
DA:23,2
DA:29,24
DA:32,24
DA:34,23
DA:35,23
DA:37,1
DA:44,1
LF:15
LH:15
BRDA:14,0,0,3
BRDA:14,0,1,26
BRDA:22,1,0,2
BRDA:22,1,1,24
BRDA:32,2,0,24
BRDA:32,2,1,0
BRF:6
BRH:5
end_of_record
TN:
SF:src/middlewares/errorHandler.js
FN:10,handleAllErrors
FNF:1
FNH:1
FNDA:20,handleAllErrors
DA:1,1
DA:12,20
DA:19,0
DA:26,0
DA:30,20
DA:34,20
DA:40,1
LF:7
LH:5
BRDA:12,0,0,0
BRDA:12,0,1,20
BRDA:13,1,0,20
BRDA:13,1,1,20
BRDA:13,1,2,20
BRDA:13,1,3,20
BRDA:13,1,4,20
BRF:7
BRH:6
end_of_record
TN:
SF:src/repositories/applicableCategories.js
FN:9,getApplicableCategoriesByDiscountCodeId
FN:36,addApplicableCategory
FN:59,removeApplicableCategory
FNF:3
FNH:2
FNDA:3,getApplicableCategoriesByDiscountCodeId
FNDA:1,addApplicableCategory
FNDA:0,removeApplicableCategory
DA:1,1
DA:13,3
DA:14,3
DA:20,3
DA:21,3
DA:22,3
DA:24,0
DA:25,0
DA:41,1
DA:43,1
DA:44,1
DA:45,1
DA:47,0
DA:48,0
DA:64,0
DA:66,0
DA:67,0
DA:68,0
DA:69,0
DA:70,0
DA:75,0
DA:76,0
DA:80,1
LF:23
LH:11
BRDA:11,0,0,3
BRDA:39,1,0,1
BRDA:62,2,0,0
BRDA:69,3,0,0
BRDA:69,3,1,0
BRF:5
BRH:2
end_of_record
TN:
SF:src/repositories/categories.js
FN:8,getAllCategories
FN:24,getCategoryById
FN:42,createCategory
FN:61,updateCategory
FN:82,deleteCategory
FNF:5
FNH:1
FNDA:0,getAllCategories
FNDA:0,getCategoryById
FNDA:14,createCategory
FNDA:0,updateCategory
FNDA:0,deleteCategory
DA:1,1
DA:9,0
DA:10,0
DA:11,0
DA:13,0
DA:14,0
DA:25,0
DA:26,0
DA:27,0
DA:28,0
DA:29,0
DA:31,0
DA:32,0
DA:43,14
DA:44,14
DA:45,14
DA:46,14
DA:47,14
DA:49,0
DA:50,0
DA:62,0
DA:63,0
DA:64,0
DA:65,0
DA:66,0
DA:67,0
DA:69,0
DA:71,0
DA:72,0
DA:83,0
DA:84,0
DA:85,0
DA:86,0
DA:87,0
DA:88,0
DA:91,0
DA:92,0
DA:96,1
LF:38
LH:7
BRDA:8,0,0,0
BRDA:24,1,0,0
BRDA:29,2,0,0
BRDA:29,2,1,0
BRDA:42,3,0,14
BRDA:61,4,0,0
BRDA:66,5,0,0
BRDA:66,5,1,0
BRDA:82,6,0,0
BRDA:87,7,0,0
BRDA:87,7,1,0
BRF:11
BRH:1
end_of_record
TN:
SF:src/repositories/discountCodes.js
FN:8,getAllDiscountCodes
FN:24,getDiscountCodeById
FN:42,getDiscountCodeByCode
FN:64,createDiscountCode
FN:95,updateDiscountCode
FN:126,deleteDiscountCode
FNF:6
FNH:2
FNDA:0,getAllDiscountCodes
FNDA:0,getDiscountCodeById
FNDA:6,getDiscountCodeByCode
FNDA:5,createDiscountCode
FNDA:0,updateDiscountCode
FNDA:0,deleteDiscountCode
DA:1,1
DA:9,0
DA:10,0
DA:11,0
DA:13,0
DA:14,0
DA:25,0
DA:26,0
DA:27,0
DA:28,0
DA:29,0
DA:31,0
DA:32,0
DA:43,6
DA:44,6
DA:45,6
DA:46,6
DA:47,6
DA:49,0
DA:50,0
DA:72,5
DA:74,5
DA:75,5
DA:76,5
DA:77,5
DA:79,0
DA:80,0
DA:104,0
DA:106,0
DA:107,0
DA:108,0
DA:109,0
DA:110,0
DA:114,0
DA:116,0
DA:117,0
DA:127,0
DA:128,0
DA:129,0
DA:130,0
DA:131,0
DA:132,0
DA:137,0
DA:138,0
DA:142,1
LF:45
LH:12
BRDA:8,0,0,0
BRDA:24,1,0,0
BRDA:29,2,0,0
BRDA:29,2,1,0
BRDA:42,3,0,6
BRDA:47,4,0,6
BRDA:47,4,1,1
BRDA:70,5,0,5
BRDA:102,6,0,0
BRDA:109,7,0,0
BRDA:109,7,1,0
BRDA:126,8,0,0
BRDA:131,9,0,0
BRDA:131,9,1,0
BRF:14
BRH:4
end_of_record
TN:
SF:src/repositories/orderDiscounts.js
FN:10,addDiscountCodeToOrder
FN:33,removeDiscountCodeFromOrder
FN:60,getOrderDiscountCodesByOrderId
FN:83,getOrderDiscountCodesByUserId
FNF:4
FNH:2
FNDA:1,addDiscountCodeToOrder
FNDA:0,removeDiscountCodeFromOrder
FNDA:2,getOrderDiscountCodesByOrderId
FNDA:0,getOrderDiscountCodesByUserId
DA:1,1
DA:15,1
DA:17,1
DA:18,1
DA:19,1
DA:21,0
DA:22,0
DA:38,0
DA:40,0
DA:41,0
DA:42,0
DA:43,0
DA:44,0
DA:49,0
DA:50,0
DA:61,2
DA:62,2
DA:68,2
DA:69,2
DA:70,2
DA:72,0
DA:73,0
DA:84,0
DA:85,0
DA:92,0
DA:93,0
DA:94,0
DA:96,0
DA:97,0
DA:102,1
LF:30
LH:11
BRDA:13,0,0,1
BRDA:36,1,0,0
BRDA:43,2,0,0
BRDA:43,2,1,0
BRDA:60,3,0,2
BRDA:83,4,0,0
BRF:6
BRH:2
end_of_record
TN:
SF:src/repositories/orderItems.js
FN:8,getAllOrderItems
FN:24,getOrderItemsByOrderId
FN:44,getOrderItemsWithProductInformationByOrderId
FN:78,createOrderItem
FN:101,updateOrderItem
FN:131,deleteOrderItem
FNF:6
FNH:4
FNDA:0,getAllOrderItems
FNDA:3,getOrderItemsByOrderId
FNDA:4,getOrderItemsWithProductInformationByOrderId
FNDA:9,createOrderItem
FNDA:1,updateOrderItem
FNDA:0,deleteOrderItem
DA:1,1
DA:9,0
DA:10,0
DA:11,0
DA:13,0
DA:14,0
DA:25,3
DA:26,3
DA:27,3
DA:28,3
DA:29,3
DA:31,0
DA:32,0
DA:48,4
DA:49,4
DA:61,4
DA:62,4
DA:63,4
DA:65,0
DA:66,0
DA:79,9
DA:80,9
DA:84,9
DA:85,9
DA:86,9
DA:88,0
DA:89,0
DA:102,1
DA:103,1
DA:109,1
DA:110,1
DA:111,1
DA:112,1
DA:113,0
DA:117,1
DA:119,0
DA:120,0
DA:132,0
DA:134,0
DA:135,0
DA:136,0
DA:137,0
DA:138,0
DA:143,0
DA:144,0
DA:148,1
LF:46
LH:24
BRDA:8,0,0,0
BRDA:24,1,0,3
BRDA:46,2,0,4
BRDA:78,3,0,9
BRDA:101,4,0,1
BRDA:112,5,0,0
BRDA:112,5,1,1
BRDA:131,6,0,0
BRDA:137,7,0,0
BRDA:137,7,1,0
BRF:10
BRH:5
end_of_record
TN:
SF:src/repositories/orders.js
FN:8,getAllOrders
FN:24,getOrderById
FN:43,createOrder
FN:66,updateOrder
FN:92,deleteOrder
FNF:5
FNH:2
FNDA:0,getAllOrders
FNDA:17,getOrderById
FNDA:13,createOrder
FNDA:0,updateOrder
FNDA:0,deleteOrder
DA:1,1
DA:9,0
DA:10,0
DA:11,0
DA:13,0
DA:14,0
DA:25,17
DA:26,17
DA:27,17
DA:28,17
DA:29,17
DA:31,0
DA:32,0
DA:44,13
DA:45,13
DA:50,13
DA:51,13
DA:52,13
DA:54,0
DA:55,0
DA:67,0
DA:68,0
DA:74,0
DA:75,0
DA:76,0
DA:77,0
DA:79,0
DA:81,0
DA:82,0
DA:93,0
DA:94,0
DA:95,0
DA:96,0
DA:97,0
DA:98,0
DA:101,0
DA:102,0
DA:106,1
LF:38
LH:12
BRDA:8,0,0,0
BRDA:24,1,0,17
BRDA:29,2,0,17
BRDA:29,2,1,4
BRDA:43,3,0,13
BRDA:66,4,0,0
BRDA:76,5,0,0
BRDA:76,5,1,0
BRDA:92,6,0,0
BRDA:97,7,0,0
BRDA:97,7,1,0
BRF:11
BRH:4
end_of_record
TN:
SF:src/repositories/products.js
FN:8,getAllProducts
FN:24,getProductById
FN:44,createProduct
FN:66,updateProduct
FN:89,deleteProduct
FNF:5
FNH:2
FNDA:0,getAllProducts
FNDA:3,getProductById
FNDA:13,createProduct
FNDA:0,updateProduct
FNDA:0,deleteProduct
DA:1,1
DA:9,0
DA:10,0
DA:11,0
DA:13,0
DA:14,0
DA:25,3
DA:26,3
DA:27,3
DA:28,3
DA:29,3
DA:31,0
DA:32,0
DA:45,13
DA:47,13
DA:48,13
DA:49,13
DA:50,13
DA:52,0
DA:53,0
DA:67,0
DA:69,0
DA:70,0
DA:71,0
DA:72,0
DA:73,0
DA:75,0
DA:77,0
DA:78,0
DA:90,0
DA:91,0
DA:92,0
DA:93,0
DA:94,0
DA:95,0
DA:98,0
DA:99,0
DA:102,1
LF:38
LH:12
BRDA:8,0,0,0
BRDA:24,1,0,3
BRDA:29,2,0,3
BRDA:29,2,1,0
BRDA:44,3,0,13
BRDA:66,4,0,0
BRDA:72,5,0,0
BRDA:72,5,1,0
BRDA:89,6,0,0
BRDA:94,7,0,0
BRDA:94,7,1,0
BRF:11
BRH:3
end_of_record
TN:
SF:src/repositories/users.js
FN:8,getAllUsers
FN:24,getUserById
FN:44,createUser
FN:67,updateUser
FN:89,deleteUser
FNF:5
FNH:1
FNDA:0,getAllUsers
FNDA:0,getUserById
FNDA:16,createUser
FNDA:0,updateUser
FNDA:0,deleteUser
DA:1,1
DA:9,0
DA:10,0
DA:11,0
DA:13,0
DA:14,0
DA:25,0
DA:26,0
DA:27,0
DA:28,0
DA:29,0
DA:31,0
DA:32,0
DA:45,16
DA:47,16
DA:48,16
DA:49,16
DA:50,16
DA:52,0
DA:53,0
DA:68,0
DA:70,0
DA:71,0
DA:72,0
DA:73,0
DA:74,0
DA:76,0
DA:78,0
DA:79,0
DA:90,0
DA:91,0
DA:92,0
DA:93,0
DA:94,0
DA:95,0
DA:98,0
DA:99,0
DA:103,1
LF:38
LH:7
BRDA:8,0,0,0
BRDA:24,1,0,0
BRDA:29,2,0,0
BRDA:29,2,1,0
BRDA:44,3,0,16
BRDA:67,4,0,0
BRDA:73,5,0,0
BRDA:73,5,1,0
BRDA:89,6,0,0
BRDA:94,7,0,0
BRDA:94,7,1,0
BRF:11
BRH:1
end_of_record
TN:
SF:src/routers/orders.js
FNF:0
FNH:0
DA:1,1
DA:2,1
DA:3,1
DA:5,1
DA:8,1
DA:15,1
DA:22,1
DA:29,1
DA:35,1
LF:9
LH:9
BRF:0
BRH:0
end_of_record
TN:
SF:src/services/orders.js
FN:16,getOrderItemsByOrderId
FN:39,updateOrderItem
FN:62,(anonymous_2)
FN:80,getOrderDiscountCodesByOrderId
FN:107,addOrderDiscountCodeToOrderByCode
FN:148,(anonymous_5)
FN:160,(anonymous_6)
FN:162,(anonymous_7)
FN:164,(anonymous_8)
FNF:9
FNH:8
FNDA:3,getOrderItemsByOrderId
FNDA:5,updateOrderItem
FNDA:1,(anonymous_2)
FNDA:0,getOrderDiscountCodesByOrderId
FNDA:9,addOrderDiscountCodeToOrderByCode
FNDA:4,(anonymous_5)
FNDA:1,(anonymous_6)
FNDA:3,(anonymous_7)
FNDA:1,(anonymous_8)
DA:1,1
DA:2,1
DA:3,1
DA:4,1
DA:5,1
DA:6,1
DA:7,1
DA:8,1
DA:9,1
DA:10,1
DA:17,3
DA:19,3
DA:20,1
DA:23,2
DA:24,1
DA:30,1
DA:40,5
DA:42,5
DA:43,2
DA:46,3
DA:48,3
DA:49,0
DA:52,3
DA:53,1
DA:59,2
DA:61,2
DA:62,1
DA:65,2
DA:66,1
DA:72,1
DA:81,0
DA:83,0
DA:84,0
DA:87,0
DA:88,0
DA:94,0
DA:98,0
DA:108,9
DA:110,9
DA:111,1
DA:114,8
DA:115,1
DA:121,7
DA:122,1
DA:128,6
DA:130,6
DA:131,1
DA:137,5
DA:138,1
DA:144,4
DA:146,4
DA:148,4
DA:149,4
DA:152,4
DA:153,1
DA:159,3
DA:160,3
DA:162,3
DA:164,3
DA:167,3
DA:168,1
DA:174,2
DA:176,2
DA:177,1
DA:185,1
LF:65
LH:57
BRDA:19,0,0,1
BRDA:19,0,1,2
BRDA:23,1,0,1
BRDA:23,1,1,1
BRDA:42,2,0,2
BRDA:42,2,1,3
BRDA:48,3,0,0
BRDA:48,3,1,3
BRDA:52,4,0,1
BRDA:52,4,1,2
BRDA:65,5,0,1
BRDA:65,5,1,1
BRDA:83,6,0,0
BRDA:83,6,1,0
BRDA:87,7,0,0
BRDA:87,7,1,0
BRDA:110,8,0,1
BRDA:110,8,1,8
BRDA:114,9,0,1
BRDA:114,9,1,7
BRDA:121,10,0,1
BRDA:121,10,1,6
BRDA:130,11,0,1
BRDA:130,11,1,5
BRDA:137,12,0,1
BRDA:137,12,1,4
BRDA:152,13,0,1
BRDA:152,13,1,3
BRDA:152,14,0,4
BRDA:152,14,1,1
BRDA:167,15,0,1
BRDA:167,15,1,2
BRDA:167,16,0,3
BRDA:167,16,1,3
BRDA:176,17,0,1
BRDA:176,17,1,1
BRF:36
BRH:31
end_of_record
