TN:
SF:src/errors.js
FN:27,createError
FNF:1
FNH:1
FNDA:8,createError
DA:10,1
DA:28,8
DA:31,1
LF:3
LH:3
BRF:0
BRH:0
end_of_record
TN:
SF:src/db/db.js
FN:5,(anonymous_0)
FN:14,(anonymous_1)
FNF:2
FNH:0
FNDA:0,(anonymous_0)
FNDA:0,(anonymous_1)
DA:1,6
DA:2,6
DA:5,6
DA:7,6
DA:13,6
DA:15,0
DA:16,0
DA:25,0
DA:32,6
DA:34,6
LF:10
LH:7
BRDA:15,0,0,0
BRDA:15,0,1,0
BRF:2
BRH:0
end_of_record
TN:
SF:src/repositories/applicableCategories.js
FN:9,getApplicableCategoriesByDiscountCodeId
FN:36,addApplicableCategory
FN:59,removeApplicableCategory
FNF:3
FNH:0
FNDA:0,getApplicableCategoriesByDiscountCodeId
FNDA:0,addApplicableCategory
FNDA:0,removeApplicableCategory
DA:1,1
DA:13,0
DA:14,0
DA:20,0
DA:21,0
DA:22,0
DA:24,0
DA:25,0
DA:41,0
DA:43,0
DA:44,0
DA:45,0
DA:47,0
DA:48,0
DA:64,0
DA:66,0
DA:67,0
DA:68,0
DA:69,0
DA:70,0
DA:75,0
DA:76,0
DA:80,1
LF:23
LH:2
BRDA:11,0,0,0
BRDA:39,1,0,0
BRDA:62,2,0,0
BRDA:69,3,0,0
BRDA:69,3,1,0
BRF:5
BRH:0
end_of_record
TN:
SF:src/repositories/discountCodes.js
FN:8,getAllDiscountCodes
FN:24,getDiscountCodeById
FN:42,getDiscountCodeByCode
FN:64,createDiscountCode
FN:95,updateDiscountCode
FN:126,deleteDiscountCode
FNF:6
FNH:0
FNDA:0,getAllDiscountCodes
FNDA:0,getDiscountCodeById
FNDA:0,getDiscountCodeByCode
FNDA:0,createDiscountCode
FNDA:0,updateDiscountCode
FNDA:0,deleteDiscountCode
DA:1,1
DA:9,0
DA:10,0
DA:11,0
DA:13,0
DA:14,0
DA:25,0
DA:26,0
DA:27,0
DA:28,0
DA:29,0
DA:31,0
DA:32,0
DA:43,0
DA:44,0
DA:45,0
DA:46,0
DA:47,0
DA:49,0
DA:50,0
DA:72,0
DA:74,0
DA:75,0
DA:76,0
DA:77,0
DA:79,0
DA:80,0
DA:104,0
DA:106,0
DA:107,0
DA:108,0
DA:109,0
DA:110,0
DA:114,0
DA:116,0
DA:117,0
DA:127,0
DA:128,0
DA:129,0
DA:130,0
DA:131,0
DA:132,0
DA:137,0
DA:138,0
DA:142,1
LF:45
LH:2
BRDA:8,0,0,0
BRDA:24,1,0,0
BRDA:29,2,0,0
BRDA:29,2,1,0
BRDA:42,3,0,0
BRDA:47,4,0,0
BRDA:47,4,1,0
BRDA:70,5,0,0
BRDA:102,6,0,0
BRDA:109,7,0,0
BRDA:109,7,1,0
BRDA:126,8,0,0
BRDA:131,9,0,0
BRDA:131,9,1,0
BRF:14
BRH:0
end_of_record
TN:
SF:src/repositories/orderDiscounts.js
FN:10,addDiscountCodeToOrder
FN:33,removeDiscountCodeFromOrder
FN:60,getOrderDiscountCodesByOrderId
FN:83,getOrderDiscountCodesByUserId
FNF:4
FNH:0
FNDA:0,addDiscountCodeToOrder
FNDA:0,removeDiscountCodeFromOrder
FNDA:0,getOrderDiscountCodesByOrderId
FNDA:0,getOrderDiscountCodesByUserId
DA:1,1
DA:15,0
DA:17,0
DA:18,0
DA:19,0
DA:21,0
DA:22,0
DA:38,0
DA:40,0
DA:41,0
DA:42,0
DA:43,0
DA:44,0
DA:49,0
DA:50,0
DA:61,0
DA:62,0
DA:68,0
DA:69,0
DA:70,0
DA:72,0
DA:73,0
DA:84,0
DA:85,0
DA:92,0
DA:93,0
DA:94,0
DA:96,0
DA:97,0
DA:102,1
LF:30
LH:2
BRDA:13,0,0,0
BRDA:36,1,0,0
BRDA:43,2,0,0
BRDA:43,2,1,0
BRDA:60,3,0,0
BRDA:83,4,0,0
BRF:6
BRH:0
end_of_record
TN:
SF:src/repositories/orderItems.js
FN:8,getAllOrderItems
FN:24,getOrderItemsByOrderId
FN:44,getOrderItemsWithProductInformationByOrderId
FN:78,createOrderItem
FN:101,updateOrderItem
FN:131,deleteOrderItem
FNF:6
FNH:0
FNDA:0,getAllOrderItems
FNDA:0,getOrderItemsByOrderId
FNDA:0,getOrderItemsWithProductInformationByOrderId
FNDA:0,createOrderItem
FNDA:0,updateOrderItem
FNDA:0,deleteOrderItem
DA:1,1
DA:9,0
DA:10,0
DA:11,0
DA:13,0
DA:14,0
DA:25,0
DA:26,0
DA:27,0
DA:28,0
DA:29,0
DA:31,0
DA:32,0
DA:48,0
DA:49,0
DA:61,0
DA:62,0
DA:63,0
DA:65,0
DA:66,0
DA:79,0
DA:80,0
DA:84,0
DA:85,0
DA:86,0
DA:88,0
DA:89,0
DA:102,0
DA:103,0
DA:109,0
DA:110,0
DA:111,0
DA:112,0
DA:113,0
DA:117,0
DA:119,0
DA:120,0
DA:132,0
DA:134,0
DA:135,0
DA:136,0
DA:137,0
DA:138,0
DA:143,0
DA:144,0
DA:148,1
LF:46
LH:2
BRDA:8,0,0,0
BRDA:24,1,0,0
BRDA:46,2,0,0
BRDA:78,3,0,0
BRDA:101,4,0,0
BRDA:112,5,0,0
BRDA:112,5,1,0
BRDA:131,6,0,0
BRDA:137,7,0,0
BRDA:137,7,1,0
BRF:10
BRH:0
end_of_record
TN:
SF:src/repositories/orders.js
FN:8,getAllOrders
FN:24,getOrderById
FN:43,createOrder
FN:66,updateOrder
FN:92,deleteOrder
FNF:5
FNH:0
FNDA:0,getAllOrders
FNDA:0,getOrderById
FNDA:0,createOrder
FNDA:0,updateOrder
FNDA:0,deleteOrder
DA:1,1
DA:9,0
DA:10,0
DA:11,0
DA:13,0
DA:14,0
DA:25,0
DA:26,0
DA:27,0
DA:28,0
DA:29,0
DA:31,0
DA:32,0
DA:44,0
DA:45,0
DA:50,0
DA:51,0
DA:52,0
DA:54,0
DA:55,0
DA:67,0
DA:68,0
DA:74,0
DA:75,0
DA:76,0
DA:77,0
DA:79,0
DA:81,0
DA:82,0
DA:93,0
DA:94,0
DA:95,0
DA:96,0
DA:97,0
DA:98,0
DA:101,0
DA:102,0
DA:106,1
LF:38
LH:2
BRDA:8,0,0,0
BRDA:24,1,0,0
BRDA:29,2,0,0
BRDA:29,2,1,0
BRDA:43,3,0,0
BRDA:66,4,0,0
BRDA:76,5,0,0
BRDA:76,5,1,0
BRDA:92,6,0,0
BRDA:97,7,0,0
BRDA:97,7,1,0
BRF:11
BRH:0
end_of_record
TN:
SF:src/repositories/products.js
FN:8,getAllProducts
FN:24,getProductById
FN:44,createProduct
FN:66,updateProduct
FN:89,deleteProduct
FNF:5
FNH:0
FNDA:0,getAllProducts
FNDA:0,getProductById
FNDA:0,createProduct
FNDA:0,updateProduct
FNDA:0,deleteProduct
DA:1,1
DA:9,0
DA:10,0
DA:11,0
DA:13,0
DA:14,0
DA:25,0
DA:26,0
DA:27,0
DA:28,0
DA:29,0
DA:31,0
DA:32,0
DA:45,0
DA:47,0
DA:48,0
DA:49,0
DA:50,0
DA:52,0
DA:53,0
DA:67,0
DA:69,0
DA:70,0
DA:71,0
DA:72,0
DA:73,0
DA:75,0
DA:77,0
DA:78,0
DA:90,0
DA:91,0
DA:92,0
DA:93,0
DA:94,0
DA:95,0
DA:98,0
DA:99,0
DA:102,1
LF:38
LH:2
BRDA:8,0,0,0
BRDA:24,1,0,0
BRDA:29,2,0,0
BRDA:29,2,1,0
BRDA:44,3,0,0
BRDA:66,4,0,0
BRDA:72,5,0,0
BRDA:72,5,1,0
BRDA:89,6,0,0
BRDA:94,7,0,0
BRDA:94,7,1,0
BRF:11
BRH:0
end_of_record
TN:
SF:src/services/orders.js
FN:13,getOrderItemsByOrderId
FN:36,updateOrderItem
FN:59,(anonymous_2)
FN:77,getOrderDiscountCodesByOrderId
FN:104,addOrderDiscountCodeToOrderByCode
FN:140,(anonymous_5)
FN:158,(anonymous_6)
FN:161,(anonymous_7)
FN:164,(anonymous_8)
FNF:9
FNH:5
FNDA:0,getOrderItemsByOrderId
FNDA:0,updateOrderItem
FNDA:0,(anonymous_2)
FNDA:0,getOrderDiscountCodesByOrderId
FNDA:9,addOrderDiscountCodeToOrderByCode
FNDA:3,(anonymous_5)
FNDA:1,(anonymous_6)
FNDA:3,(anonymous_7)
FNDA:1,(anonymous_8)
DA:1,1
DA:2,1
DA:3,1
DA:4,1
DA:5,1
DA:6,1
DA:7,1
DA:14,0
DA:16,0
DA:17,0
DA:20,0
DA:21,0
DA:27,0
DA:37,0
DA:39,0
DA:40,0
DA:43,0
DA:45,0
DA:46,0
DA:49,0
DA:50,0
DA:56,0
DA:58,0
DA:59,0
DA:62,0
DA:63,0
DA:69,0
DA:78,0
DA:80,0
DA:81,0
DA:84,0
DA:85,0
DA:91,0
DA:95,0
DA:105,9
DA:107,9
DA:108,1
DA:111,8
DA:112,1
DA:118,7
DA:119,1
DA:122,6
DA:124,6
DA:125,1
DA:128,5
DA:129,1
DA:136,4
DA:138,4
DA:140,4
DA:141,3
DA:144,4
DA:148,1
DA:155,3
DA:158,3
DA:160,3
DA:161,3
DA:164,3
DA:165,1
DA:168,3
DA:169,1
DA:175,2
DA:179,2
DA:180,1
DA:183,1
DA:186,1
LF:65
LH:38
BRDA:16,0,0,0
BRDA:16,0,1,0
BRDA:20,1,0,0
BRDA:20,1,1,0
BRDA:39,2,0,0
BRDA:39,2,1,0
BRDA:45,3,0,0
BRDA:45,3,1,0
BRDA:49,4,0,0
BRDA:49,4,1,0
BRDA:62,5,0,0
BRDA:62,5,1,0
BRDA:80,6,0,0
BRDA:80,6,1,0
BRDA:84,7,0,0
BRDA:84,7,1,0
BRDA:107,8,0,1
BRDA:107,8,1,8
BRDA:111,9,0,1
BRDA:111,9,1,7
BRDA:118,10,0,1
BRDA:118,10,1,6
BRDA:124,11,0,1
BRDA:124,11,1,5
BRDA:128,12,0,1
BRDA:128,12,1,4
BRDA:144,13,0,1
BRDA:144,13,1,3
BRDA:145,14,0,4
BRDA:145,14,1,1
BRDA:168,15,0,1
BRDA:168,15,1,2
BRDA:168,16,0,3
BRDA:168,16,1,3
BRDA:179,17,0,1
BRDA:179,17,1,1
BRF:36
BRH:20
end_of_record
