<?xml version="1.0" encoding="UTF-8"?>
<coverage generated="1683576023360" clover="3.2.0">
  <project timestamp="1683576023360" name="All files">
    <metrics statements="5" coveredstatements="5" conditionals="0" coveredconditionals="0" methods="2" coveredmethods="2" elements="7" coveredelements="7" complexity="0" loc="5" ncloc="5" packages="1" files="1" classes="1"/>
    <file name="index.ts" path="/home/arthur/desktop/alpha/hard/aulas/ciclo 2/testes/aula 01-C/index.ts">
      <metrics statements="5" coveredstatements="5" conditionals="0" coveredconditionals="0" methods="2" coveredmethods="2"/>
      <line num="4" count="5" type="stmt"/>
      <line num="5" count="5" type="stmt"/>
      <line num="6" count="12" type="stmt"/>
      <line num="8" count="4" type="stmt"/>
      <line num="10" count="1" type="stmt"/>
    </file>
  </project>
</coverage>
