{"/home/arthur/desktop/alpha/hard/aulas/ciclo 2/testes/aula 01-C/index.ts": {"path":"/home/arthur/desktop/alpha/hard/aulas/ciclo 2/testes/aula 01-C/index.ts","statementMap":{"0":{"start":{"line":4,"column":4},"end":{"line":4,"column":23}},"1":{"start":{"line":5,"column":26},"end":{"line":7,"column":6}},"2":{"start":{"line":6,"column":8},"end":{"line":6,"column":34}},"3":{"start":{"line":8,"column":4},"end":{"line":8,"column":25}},"4":{"start":{"line":10,"column":0},"end":{"line":10,"column":33}}},"fnMap":{"0":{"name":"availableMovies","decl":{"start":{"line":3,"column":9},"end":{"line":3,"column":24}},"loc":{"start":{"line":3,"column":61},"end":{"line":9,"column":1}},"line":3},"1":{"name":"(anonymous_1)","decl":{"start":{"line":5,"column":40},"end":{"line":5,"column":41}},"loc":{"start":{"line":5,"column":51},"end":{"line":7,"column":5}},"line":5}},"branchMap":{},"s":{"0":5,"1":5,"2":12,"3":4,"4":1},"f":{"0":5,"1":12},"b":{},"_coverageSchema":"1a1c01bbd47fc00a2c39e90264f33305004495a9","hash":"d5aa14eb43365358f24839969b49ad374fb22a76"}
}
